<?xml version="1.0" encoding="UTF-8"?>
<!-- Generated by org.testng.reporters.JUnitReportReporter -->
<testsuite hostname="DESKTOP-NE3L490" failures="0" tests="1" name="com.saucedemo.testcase.SaucedemoLoginTestCase" time="24.401" errors="0" timestamp="2024-07-20T12:30:51 IST" skipped="0">
  <testcase classname="com.saucedemo.testcase.SaucedemoLoginTestCase" name="login" time="24.401"/>
  <system-out/>
</testsuite> <!-- com.saucedemo.testcase.SaucedemoLoginTestCase -->
