<?xml version="1.0" encoding="UTF-8"?>
<!-- Generated by org.testng.reporters.JUnitReportReporter -->
<testsuite hostname="DESKTOP-NE3L490" failures="0" tests="2" name="RahulShetty.Tests.ErrorValidationTest" time="44.202" errors="0" timestamp="2024-08-04T09:23:58 IST" skipped="0">
  <testcase classname="RahulShetty.Tests.ErrorValidationTest" name="ProductErrorValidation" time="22.459"/>
  <system-out/>
  <testcase classname="RahulShetty.Tests.ErrorValidationTest" name="LoginErrorValidation" time="21.743"/>
  <system-out/>
</testsuite> <!-- RahulShetty.Tests.ErrorValidationTest -->
