<?xml version="1.0" encoding="UTF-8"?>
<!-- Generated by org.testng.reporters.JUnitReportReporter -->
<testsuite hostname="DESKTOP-NE3L490" failures="0" tests="1" name="RahulShetty.Tests.SubmitOrderTest" time="36.207" errors="0" timestamp="2024-08-04T20:31:13 IST" skipped="0">
  <testcase classname="RahulShetty.Tests.SubmitOrderTest" name="submitorder" time="36.207"/>
  <system-out/>
</testsuite> <!-- RahulShetty.Tests.SubmitOrderTest -->
