<?xml version="1.0" encoding="UTF-8"?>
<!-- Generated by org.testng.reporters.JUnitReportReporter -->
<testsuite hostname="DESKTOP-NE3L490" failures="0" tests="3" name="SauceDemoAppTest.LoginToApp" time="13.686" errors="0" timestamp="2024-07-30T15:30:52 IST" skipped="1">
  <testcase classname="SauceDemoAppTest.LoginToApp" name="login" time="3.072"/>
  <system-out/>
  <testcase classname="SauceDemoAppTest.LoginToApp" name="addCart" time="10.614"/>
  <system-out/>
  <testcase classname="SauceDemoAppTest.LoginToApp" name="CheckOut">
    <skipped/>
  </testcase> <!-- CheckOut -->
  <system-out/>
</testsuite> <!-- SauceDemoAppTest.LoginToApp -->
