<?xml version="1.0" encoding="UTF-8"?>
<!-- Generated by org.testng.reporters.JUnitReportReporter -->
<testsuite hostname="DESKTOP-NE3L490" failures="0" tests="1" name="com.saucedemo.testcase.RegistertestClass23" time="31.403" errors="0" timestamp="2024-07-17T16:43:12 IST" skipped="0">
  <testcase classname="com.saucedemo.testcase.RegistertestClass23" name="login" time="31.403"/>
  <system-out/>
</testsuite> <!-- com.saucedemo.testcase.RegistertestClass23 -->
