<?xml version="1.0" encoding="UTF-8"?>
<!-- Generated by org.testng.reporters.JUnitReportReporter -->
<testsuite hostname="DESKTOP-NE3L490" failures="0" tests="2" name="MainProjectTestScript.DemoLogin" time="17.171" errors="0" timestamp="2024-07-27T19:36:55 IST" skipped="0">
  <testcase classname="MainProjectTestScript.DemoLogin" name="Addcartt" time="6.497"/>
  <system-out/>
  <testcase classname="MainProjectTestScript.DemoLogin" name="login" time="10.674"/>
  <system-out/>
</testsuite> <!-- MainProjectTestScript.DemoLogin -->
