<?xml version="1.0" encoding="UTF-8"?>
<!-- Generated by org.testng.reporters.JUnitReportReporter -->
<testsuite hostname="DESKTOP-NE3L490" failures="0" tests="1" name="UsingTetNG" time="49.308" errors="0" timestamp="2024-07-04T14:14:22 IST" skipped="0">
  <testcase classname="UsingTetNG" name="enterurl" time="49.308"/>
  <system-out/>
</testsuite> <!-- UsingTetNG -->
