<?xml version="1.0" encoding="UTF-8"?>
<!-- Generated by org.testng.reporters.JUnitReportReporter -->
<testsuite hostname="DESKTOP-NE3L490" failures="0" tests="1" name="RahulShetty.Tests.StandAloneTest" time="41.293" errors="0" timestamp="2024-08-02T09:50:38 IST" skipped="0">
  <testcase classname="RahulShetty.Tests.StandAloneTest" name="submitorder" time="41.293"/>
  <system-out/>
</testsuite> <!-- RahulShetty.Tests.StandAloneTest -->
