<?xml version="1.0" encoding="UTF-8"?>
<!-- Generated by org.testng.reporters.JUnitReportReporter -->
<testsuite hostname="DESKTOP-NE3L490" failures="0" tests="2" name="MainProjectTestScript.DemoLogin" time="22.382" errors="0" timestamp="2024-07-28T19:46:03 IST" skipped="0">
  <testcase classname="MainProjectTestScript.DemoLogin" name="login" time="14.305"/>
  <system-out/>
  <testcase classname="MainProjectTestScript.DemoLogin" name="Addcartt" time="8.077"/>
  <system-out/>
</testsuite> <!-- MainProjectTestScript.DemoLogin -->
