<?xml version="1.0" encoding="UTF-8"?>
<!-- Generated by org.testng.reporters.JUnitReportReporter -->
<testsuite hostname="DESKTOP-NE3L490" failures="0" tests="1" name="RahulShetty.Tests.ErrorValidation" time="0.730" errors="0" timestamp="2024-08-02T10:29:28 IST" skipped="0">
  <testcase classname="RahulShetty.Tests.ErrorValidation" name="submitorderr" time="0.730"/>
  <system-out/>
</testsuite> <!-- RahulShetty.Tests.ErrorValidation -->
